app/client/proguard/seeds.txt
benak.tomas.crimemonitor.R$color: int app_background_color
benak.tomas.crimemonitor.R$color: int crime_summary_toplist_row_selected_background_color
benak.tomas.crimemonitor.R$color: int crime_utvar_detail_obce_list_row_even_row_background_color
benak.tomas.crimemonitor.R$color: int special_color
benak.tomas.crimemonitor.R$dimen: int basic_crime_info_group_margin
benak.tomas.crimemonitor.R$dimen: int basic_crime_info_measure_view_min_height
benak.tomas.crimemonitor.R$dimen: int basic_crime_info_measure_view_min_width
benak.tomas.crimemonitor.R$dimen: int content_text_size
benak.tomas.crimemonitor.R$dimen: int covered_municipalities_label_text_size
benak.tomas.crimemonitor.R$dimen: int crime_measure_caption_margin_bottom
benak.tomas.crimemonitor.R$dimen: int crime_measure_caption_text_size
benak.tomas.crimemonitor.R$dimen: int crime_overview_toplist_margin_bottom
benak.tomas.crimemonitor.R$dimen: int crime_overview_toplist_margin_left
benak.tomas.crimemonitor.R$dimen: int crime_piechart_margin_bottom
benak.tomas.crimemonitor.R$dimen: int crime_piechart_margin_right
benak.tomas.crimemonitor.R$dimen: int crime_piechart_min_height
benak.tomas.crimemonitor.R$dimen: int crime_piechart_min_width
benak.tomas.crimemonitor.R$dimen: int index_line_width
benak.tomas.crimemonitor.R$dimen: int left_activity_content_container_margin_left_right
benak.tomas.crimemonitor.R$dimen: int left_activity_content_container_margin_top_bottom
benak.tomas.crimemonitor.R$dimen: int lower_activity_content_container_margin_left_right
benak.tomas.crimemonitor.R$dimen: int lower_activity_content_container_margin_top_bottom
benak.tomas.crimemonitor.R$dimen: int right_activity_content_container_margin_left_right
benak.tomas.crimemonitor.R$dimen: int right_activity_content_container_margin_top_bottom
benak.tomas.crimemonitor.R$drawable: int crime_toplist_button_color_state_list
benak.tomas.crimemonitor.R$drawable: int ic_action_refresh
benak.tomas.crimemonitor.R$drawable: int ic_launcher
benak.tomas.crimemonitor.R$id: int basic_crime_info_fragment
benak.tomas.crimemonitor.R$id: int crime_action_detail
benak.tomas.crimemonitor.R$id: int crime_action_list
benak.tomas.crimemonitor.R$id: int crime_action_refresh
benak.tomas.crimemonitor.R$id: int crime_action_select_interval
benak.tomas.crimemonitor.R$id: int crime_action_summary
benak.tomas.crimemonitor.R$id: int crime_action_utvar_detail
benak.tomas.crimemonitor.R$id: int crime_data_loading_error_view
benak.tomas.crimemonitor.R$id: int crime_list_listview
benak.tomas.crimemonitor.R$id: int crime_list_row_crime_name
benak.tomas.crimemonitor.R$id: int crime_list_row_crime_number
benak.tomas.crimemonitor.R$id: int crime_list_row_crime_rank
benak.tomas.crimemonitor.R$id: int crime_month_histogram_bar_chart
benak.tomas.crimemonitor.R$id: int crime_month_histogram_fragment
benak.tomas.crimemonitor.R$id: int crime_month_histogram_label
benak.tomas.crimemonitor.R$id: int crime_no_data_found_view
benak.tomas.crimemonitor.R$id: int crime_overview_fragment
benak.tomas.crimemonitor.R$id: int crime_overview_piechart
benak.tomas.crimemonitor.R$id: int crime_overview_piechart_label
benak.tomas.crimemonitor.R$id: int crime_overview_show_crime_list_button
benak.tomas.crimemonitor.R$id: int crime_overview_toplist
benak.tomas.crimemonitor.R$id: int crime_overview_toplist_label
benak.tomas.crimemonitor.R$id: int crime_progress_bar
benak.tomas.crimemonitor.R$id: int crime_summary_main_layout